CPU Time: 0.002174s
-1 68 56 58 56 68 58 56 56 56 56 56 58 56 60 56 56 56 56 56 56 56 56 56 60 56 56 68 50 56 56 56 56 68 62 64 56 56 56 56 56 56 56 60 56 56 59 56 60 56 -1 56 56 62 68 60 50 56 56 56 56 56 56 56 56 64 68 56 62 58  
36 68 -1 58 2 68 58 26 4 13 67 38 57 -1 60 67 8 38 13 52 67 57 38 57 57 52 13 68 57 37 52 13 16 68 67 60 18 36 8 67 64 67 57 60 58 52 59 31 57 8 57 52 26 67 68 60 64 13 37 52 52 13 67 64 32 64 68 -1 67 58  
52 68 52 58 -1 68 58 49 4 52 64 38 58 52 60 64 8 38 52 52 64 52 38 52 60 52 49 68 60 52 52 64 16 68 64 64 52 52 8 52 64 64 38 60 38 52 59 64 60 8 60 52 49 64 68 60 64 52 52 52 52 38 64 64 32 64 68 16 64 58  
6 41 41 58 41 41 -1 41 41 52 41 41 6 23 60 -1 41 41 41 46 41 46 41 12 12 52 49 41 50 12 15 64 41 68 64 60 41 41 41 41 41 -1 46 60 58 52 23 64 24 41 24 52 49 64 63 41 64 23 29 30 30 63 64 15 41 64 68 41 64 58  
52 68 52 58 38 68 58 49 -1 52 64 38 58 52 60 64 8 38 52 52 64 52 38 52 60 52 49 68 60 52 52 64 16 68 64 64 52 52 8 52 64 64 38 60 38 52 59 64 60 8 60 52 49 64 68 60 64 52 52 52 52 38 64 64 32 64 68 16 64 58  
36 -1 37 58 37 20 27 37 40 52 -1 40 27 27 60 10 40 40 10 52 10 52 40 27 27 52 49 -1 20 37 52 64 40 68 64 64 18 36 40 -1 20 64 40 60 58 52 27 64 27 40 27 52 49 64 27 10 64 27 37 52 52 63 64 15 40 64 68 1 64 58  
-1 -1 56 58 38 46 58 56 56 23 58 38 -1 23 60 58 56 38 56 46 46 46 38 12 12 51 56 46 50 12 51 56 56 68 62 60 56 56 12 56 56 58 46 60 58 56 23 56 24 56 24 24 56 62 63 58 50 23 29 51 51 63 56 58 56 64 51 56 62 58  
56 14 56 58 55 14 58 55 56 56 56 55 55 55 -1 56 56 55 56 56 56 55 55 55 66 -1 56 14 14 56 56 56 56 55 62 66 56 56 55 56 56 56 55 66 55 56 59 66 66 56 25 56 56 62 66 14 28 55 56 56 66 55 56 56 56 66 25 56 66 58  
52 68 52 58 38 68 58 49 64 52 64 38 58 52 60 64 -1 38 52 52 64 52 38 52 60 52 49 68 60 52 52 64 16 68 64 64 52 52 -1 52 64 64 38 60 38 52 59 64 60 -1 60 52 49 64 68 60 64 52 52 52 52 38 64 64 32 64 68 16 64 58  
36 33 37 58 37 58 58 37 37 64 58 38 58 23 66 58 37 22 -1 46 58 46 -1 -1 58 52 49 58 58 37 52 64 37 22 64 66 18 36 37 36 64 58 46 66 58 52 23 64 58 37 58 52 49 64 66 58 64 23 37 52 66 63 64 58 37 64 33 37 64 58  
36 20 37 58 37 20 58 37 40 52 64 40 58 58 60 -1 40 40 -1 52 -1 52 40 58 60 52 49 20 20 37 52 64 40 68 64 64 18 36 40 36 20 64 40 60 58 52 59 64 60 40 60 52 49 64 27 -1 64 58 37 52 52 63 64 15 40 64 68 40 64 58  
64 33 64 58 64 66 58 66 64 64 41 64 42 42 66 58 44 22 64 64 41 42 -1 42 66 64 64 68 66 42 64 64 44 22 64 66 64 64 64 64 64 22 -1 66 22 64 42 66 66 64 66 64 64 64 66 66 64 42 42 64 66 64 64 64 44 66 33 44 66 58  
56 46 56 58 38 46 58 56 56 23 58 38 58 23 60 58 56 38 56 46 46 46 38 -1 -1 51 56 46 50 -1 51 56 56 68 62 60 56 56 -1 56 56 58 46 60 58 56 23 56 24 56 24 24 56 62 63 58 50 23 29 51 51 63 56 58 56 64 51 56 62 58  
36 68 37 58 37 68 58 26 64 -1 41 64 57 57 60 41 64 22 9 52 41 57 9 57 57 52 -1 68 57 37 52 -1 52 68 62 60 18 36 64 52 64 31 57 60 58 52 59 31 57 64 57 52 26 62 68 60 64 -1 37 52 52 -1 31 41 52 64 68 59 62 58  
56 5 56 58 55 -1 58 55 56 56 56 55 55 55 60 56 56 55 56 56 56 55 55 55 60 56 56 5 -1 56 56 56 56 55 62 64 56 56 55 56 56 56 55 60 55 56 59 56 60 56 60 56 56 62 27 -1 28 55 56 56 56 55 56 56 56 64 55 56 62 58  
58 60 60 58 60 60 58 60 64 60 58 60 58 58 60 58 58 60 60 59 58 59 60 58 60 60 64 60 60 58 -1 64 58 68 64 60 60 60 60 64 64 58 59 60 58 64 59 60 60 64 60 60 64 64 63 60 64 58 -1 30 30 63 64 -1 58 60 69 59 58 58  
64 68 64 64 64 68 64 64 64 64 64 64 64 64 64 64 64 64 64 64 64 64 64 64 64 64 64 68 64 64 64 64 -1 68 64 64 64 64 64 64 64 64 64 64 64 64 64 64 64 64 64 64 64 64 68 64 64 64 64 64 64 64 64 64 32 64 68 -1 64 64  
68 68 68 68 68 68 68 68 68 68 68 68 42 68 68 68 68 68 68 68 68 68 68 68 68 68 68 68 68 68 68 68 68 68 -1 68 68 68 68 68 68 68 34 68 68 68 68 34 68 68 68 68 68 34 68 68 68 68 68 68 68 68 68 68 68 68 68 68 34 68  
36 37 37 58 37 58 58 37 37 64 58 38 58 58 66 58 37 38 52 52 58 52 38 58 58 52 49 58 58 37 52 64 37 37 64 64 -1 36 37 36 64 58 38 66 58 52 58 64 58 37 58 52 49 64 66 58 64 58 37 52 66 63 64 58 37 64 37 37 64 58  
-1 38 52 58 38 38 58 49 38 52 58 38 42 42 66 58 38 38 52 46 46 -1 38 42 42 52 49 38 50 42 52 64 38 38 64 66 52 52 -1 -1 64 58 21 66 38 52 42 64 42 38 42 52 49 64 66 66 64 42 42 -1 66 38 64 58 38 66 38 38 64 58  
52 5 52 58 40 -1 58 49 40 52 64 40 58 52 60 64 40 40 52 52 64 52 40 52 60 52 49 5 -1 52 52 64 40 68 64 64 52 52 40 52 -1 64 40 60 40 52 59 64 60 40 60 52 49 64 27 60 64 52 52 52 52 40 64 64 40 64 68 40 64 58  
56 46 56 58 42 46 58 56 56 42 58 42 42 42 60 58 56 42 56 46 46 42 42 42 42 51 56 46 50 42 51 56 56 68 62 60 56 56 42 56 56 58 -1 60 58 56 42 56 42 56 42 42 56 62 63 58 50 42 42 51 -1 63 56 58 56 64 51 56 62 58  
64 33 64 64 64 66 64 66 64 64 41 64 66 64 66 41 44 -1 64 64 41 64 64 64 66 64 64 68 66 64 64 64 44 -1 64 66 64 64 64 64 64 -1 64 66 -1 64 64 66 66 64 66 64 64 64 66 66 64 64 64 64 66 64 64 64 44 66 33 44 66 64  
36 46 37 58 46 46 58 26 46 13 41 46 46 -1 60 41 46 46 13 46 46 46 46 46 46 52 13 46 46 37 52 13 46 46 62 60 18 36 46 52 46 31 46 60 46 52 -1 31 46 46 46 52 26 62 46 60 64 13 37 52 52 46 31 64 46 64 46 46 62 58  
56 68 56 58 56 68 58 56 56 56 56 56 -1 23 60 56 56 56 56 51 56 51 56 12 48 51 56 68 50 56 51 56 56 68 62 60 56 56 56 56 56 56 51 60 56 56 59 56 -1 56 -1 -1 56 62 66 60 50 23 56 51 51 56 56 56 56 64 51 56 62 58  
56 66 56 66 56 66 66 66 56 56 56 56 66 56 66 56 56 56 56 56 56 56 56 56 66 56 56 66 50 56 56 56 56 68 62 66 56 56 56 56 56 56 56 66 56 56 59 66 66 56 -1 56 56 62 66 66 50 56 66 56 66 56 56 56 56 66 -1 56 66 66  
52 68 52 58 52 68 58 -1 64 52 64 64 58 52 60 58 64 64 52 52 64 52 64 52 60 52 64 68 60 52 52 64 52 68 64 60 52 52 64 52 64 64 52 60 58 52 59 64 60 64 60 52 -1 64 66 60 64 52 52 52 52 64 64 64 52 64 52 59 64 58  
54 54 54 58 54 54 -1 54 54 64 58 54 6 23 66 58 54 54 54 46 46 46 54 12 12 54 54 54 50 54 -1 64 54 54 64 64 54 54 54 54 64 58 46 66 58 54 23 64 24 54 24 54 54 64 -1 58 64 23 54 30 66 63 64 58 54 64 54 54 64 58  
56 68 56 58 56 68 58 56 56 56 56 56 58 56 60 56 56 56 56 56 56 56 56 56 60 56 56 68 60 56 56 56 56 68 62 64 56 56 56 56 56 56 56 60 56 56 59 56 60 56 60 56 56 62 68 60 -1 56 56 56 56 56 56 56 56 64 68 56 62 58  
58 58 58 58 58 58 58 64 64 64 58 64 58 58 60 58 58 64 58 58 58 58 64 58 58 64 64 58 58 58 58 64 58 68 64 60 58 58 64 64 64 58 58 60 58 64 58 64 58 64 58 64 64 64 63 58 64 58 -1 58 58 63 64 58 58 64 69 58 58 58  
60 60 60 65 60 60 65 60 60 60 60 60 59 59 60 65 60 60 60 59 59 59 60 59 60 60 60 60 60 60 60 60 60 60 62 60 60 60 60 60 60 60 59 60 60 60 59 60 60 60 60 60 60 62 60 60 60 59 65 -1 -1 60 60 60 60 60 60 59 62 65  
62 68 62 62 62 68 62 62 64 62 41 64 62 62 62 41 64 64 62 62 41 62 64 62 68 62 64 68 41 62 62 64 62 68 62 68 62 62 64 62 64 -1 62 62 62 62 62 -1 68 64 62 62 62 62 68 41 64 62 62 62 68 63 -1 41 62 64 68 62 62 62  
64 68 64 64 64 68 64 64 64 64 64 64 64 64 64 64 64 64 64 64 64 64 64 64 64 64 64 68 64 64 64 64 64 68 64 64 64 64 64 64 64 64 64 64 64 64 64 64 64 64 64 64 64 64 68 64 64 64 64 64 64 64 64 64 -1 64 68 64 64 64  
66 -1 66 66 66 66 66 66 66 66 66 66 66 66 66 66 66 66 66 66 66 66 66 66 66 66 66 66 66 66 66 66 66 68 66 66 66 66 66 66 66 66 66 66 66 66 66 66 66 66 66 66 66 66 66 66 66 66 66 66 66 66 66 66 66 66 -1 1 66 66  
68 68 68 68 68 68 68 68 68 68 68 68 42 68 68 68 68 68 68 68 68 68 68 68 68 68 68 68 68 68 68 68 68 68 53 68 68 68 68 68 68 68 -1 68 68 68 68 -1 68 68 68 68 68 -1 68 68 68 68 68 68 68 68 68 68 68 68 68 68 -1 68  
65 65 65 65 65 65 65 65 65 65 65 65 65 65 65 65 65 22 65 65 65 65 -1 65 65 65 65 65 65 65 65 65 65 22 65 66 65 65 65 65 65 65 65 65 65 65 65 65 65 65 65 65 65 65 66 65 65 65 65 65 65 65 65 65 65 -1 33 65 65 65  
-1 37 37 58 37 58 58 37 37 64 58 38 58 58 66 58 37 38 52 52 58 52 38 58 58 52 49 58 58 37 52 64 37 37 64 64 52 -1 37 -1 64 58 38 66 58 52 58 64 58 37 58 52 49 64 66 58 64 58 37 52 66 63 64 58 37 64 37 37 64 58  
52 33 -1 58 2 58 58 -1 4 52 58 38 58 58 66 58 8 38 52 52 58 52 38 58 58 52 49 58 58 -1 52 64 16 -1 64 64 52 52 8 52 64 58 38 66 58 52 58 64 58 8 58 52 49 64 66 58 64 58 29 52 66 63 64 58 32 64 33 16 64 58  
52 5 52 58 -1 -1 58 49 4 52 64 -1 42 42 66 64 8 22 52 52 64 42 11 42 66 52 49 5 66 42 52 64 16 22 64 66 52 52 8 52 64 64 11 66 22 52 42 64 66 8 66 52 49 64 66 66 64 42 42 52 66 -1 64 64 32 66 33 16 64 58  
36 68 37 58 37 68 -1 26 64 13 41 64 6 -1 60 58 64 22 13 46 46 57 13 12 12 52 13 68 50 12 52 13 52 68 62 60 18 36 64 52 64 31 57 60 58 52 23 31 24 64 24 52 26 62 68 60 64 13 29 52 52 13 31 58 52 64 68 64 62 58  
52 68 52 58 38 68 58 49 -1 52 64 38 58 52 60 64 8 38 52 52 64 52 38 52 60 52 49 68 60 52 52 64 16 68 64 64 52 52 8 52 64 64 38 60 38 52 59 64 60 8 60 52 49 64 68 60 64 52 52 52 52 38 64 64 32 64 68 16 64 58  
36 20 37 58 37 20 58 37 40 52 -1 40 58 58 60 10 40 40 10 52 10 52 40 58 60 52 49 20 20 37 52 64 40 68 64 64 18 36 40 36 20 64 40 60 58 52 59 64 60 40 60 52 49 64 27 10 64 58 37 52 52 63 64 15 40 64 68 40 64 58  
56 46 56 58 38 46 58 56 56 23 58 38 -1 23 60 58 56 38 56 46 46 -1 38 12 12 51 56 46 50 12 51 56 56 68 62 60 56 56 12 56 56 58 21 60 58 56 23 56 24 56 24 24 56 62 63 58 50 23 29 51 51 63 56 58 56 64 51 56 62 58  
56 14 56 58 55 14 58 55 56 56 56 55 55 55 -1 56 56 55 56 56 56 55 55 55 60 56 56 14 14 56 56 56 56 55 62 -1 56 56 55 56 56 56 55 60 55 56 59 56 60 56 -1 56 56 62 27 14 28 55 56 56 56 55 56 56 56 35 55 56 62 58  
64 68 64 64 64 68 64 64 64 64 64 64 64 64 64 64 -1 64 64 64 64 64 64 64 64 64 64 68 64 64 64 64 16 68 64 64 64 64 64 64 64 64 64 64 64 64 64 64 64 64 64 64 64 64 68 64 64 64 64 64 64 64 64 64 32 64 68 16 64 64  
36 33 37 58 37 58 58 37 37 -1 58 38 58 23 66 58 37 22 -1 46 58 42 9 9 58 52 49 58 58 37 52 64 37 22 64 66 18 36 37 -1 64 58 -1 66 58 52 23 64 58 37 58 52 49 64 66 58 64 23 37 52 66 63 64 58 37 64 33 37 64 58  
52 20 52 58 38 20 58 49 40 52 64 38 42 42 60 64 40 38 52 -1 -1 19 38 42 42 52 49 20 -1 42 52 64 40 38 64 64 52 52 19 52 20 64 21 60 38 52 42 64 42 40 42 52 49 64 27 60 64 42 42 52 52 38 64 64 40 64 38 40 64 58  
64 33 64 64 64 66 64 66 64 64 41 64 66 -1 66 41 44 22 64 64 41 64 -1 64 66 64 64 68 66 64 64 64 44 22 64 66 64 64 64 64 64 22 57 66 22 64 64 66 66 64 66 64 64 64 66 66 64 13 64 64 66 64 64 64 44 66 33 44 66 64  
56 68 56 58 56 68 58 56 56 56 56 56 24 24 60 56 56 56 56 51 56 51 56 24 -1 51 56 68 50 56 51 56 56 68 62 60 56 56 56 56 56 56 51 60 56 56 59 56 24 56 24 24 56 62 66 60 50 24 56 51 51 56 56 56 56 64 51 56 62 58  
52 68 52 58 52 68 58 26 64 52 64 64 58 52 60 58 64 64 52 52 64 52 64 52 60 52 -1 68 60 52 52 64 52 68 64 60 52 52 64 52 64 64 52 60 58 52 59 64 60 64 60 52 26 64 66 60 64 52 52 52 52 64 64 64 52 64 52 59 64 58  
56 68 56 58 56 68 58 56 56 56 56 56 58 56 60 56 56 56 56 56 56 56 56 56 60 56 56 68 -1 56 56 56 56 68 62 64 56 56 56 56 56 56 56 60 56 56 59 56 60 56 60 56 56 62 68 60 28 56 56 56 56 56 56 56 56 64 68 56 62 58  
60 60 60 58 38 60 58 60 60 60 60 38 42 42 60 58 60 38 60 -1 59 19 38 42 60 -1 60 60 60 42 -1 60 60 38 62 60 60 60 19 60 60 60 21 60 38 60 59 60 60 60 60 60 60 62 66 60 60 42 42 30 30 38 60 60 60 60 25 59 66 58  
45 68 45 58 45 68 58 45 64 45 64 64 58 45 60 58 64 64 45 51 64 51 64 45 60 51 64 68 60 45 51 64 -1 68 64 60 45 45 64 45 64 64 51 60 58 -1 59 64 60 64 60 -1 64 64 66 60 64 45 45 51 51 64 64 64 32 64 51 59 64 58  
68 68 68 68 68 68 68 68 68 68 68 68 42 68 68 68 68 68 68 68 68 68 68 68 68 68 68 68 68 68 68 68 68 68 -1 68 68 68 68 68 68 68 34 68 68 68 68 34 68 68 68 68 68 34 68 68 68 68 68 68 68 68 68 68 68 68 68 68 34 68  
36 5 37 58 37 -1 58 37 37 64 58 38 58 58 66 58 37 38 52 52 58 52 38 58 58 52 49 5 58 37 52 64 37 37 64 64 -1 36 37 36 64 58 38 66 58 52 58 64 58 37 58 52 49 64 66 58 64 58 37 52 66 63 64 58 37 64 37 37 64 58  
52 38 52 58 38 38 58 -1 38 52 64 38 42 42 66 64 38 38 52 52 64 42 38 42 66 -1 49 38 66 42 52 64 38 38 64 66 52 52 -1 52 64 64 38 66 38 52 42 64 66 38 66 52 49 64 66 66 64 42 42 52 66 38 64 64 38 66 38 38 64 58  
52 68 52 58 40 68 58 49 40 52 41 40 58 52 60 41 40 40 52 52 41 52 40 52 60 52 49 68 60 52 52 -1 40 68 62 64 52 52 40 52 -1 31 40 60 40 52 59 31 60 40 60 52 49 62 68 60 64 52 52 52 52 40 31 -1 40 64 68 40 62 58  
56 46 56 58 42 46 58 56 56 42 58 42 42 42 60 58 56 42 56 46 46 42 42 42 42 51 56 46 50 42 51 56 56 68 62 60 56 56 42 56 56 58 -1 60 58 56 42 56 42 56 42 42 56 62 63 58 50 42 42 51 51 63 56 58 56 64 51 56 62 58  
6 41 41 -1 41 41 3 64 64 64 41 64 6 23 60 3 44 64 41 46 41 46 64 12 12 64 64 41 50 12 15 64 44 68 64 60 41 41 64 64 64 3 46 60 -1 64 23 64 24 64 24 64 64 64 63 41 64 23 29 30 30 63 64 15 44 64 69 44 -1 -1  
52 46 52 58 46 46 58 49 46 52 41 46 46 46 60 58 46 46 52 46 46 46 46 46 46 52 49 46 46 -1 52 -1 46 46 62 64 52 52 46 52 46 31 46 60 46 52 -1 31 46 46 46 52 49 62 46 60 64 46 29 52 52 46 31 64 46 64 46 -1 62 58  
36 43 37 65 55 43 65 55 56 -1 56 55 48 23 43 65 56 55 9 51 56 51 55 9 48 51 56 43 43 37 51 56 56 55 62 -1 18 36 55 56 56 56 55 -1 55 56 59 -1 -1 56 48 48 56 62 -1 43 43 23 65 51 -1 55 56 56 56 35 55 56 62 65  
56 68 56 58 56 68 58 56 56 56 56 56 48 56 60 56 56 56 56 56 56 56 56 56 48 56 56 68 50 56 56 56 56 68 62 64 56 56 56 56 56 56 56 60 56 56 59 56 -1 56 -1 56 56 62 68 60 50 56 56 56 56 56 56 56 56 64 68 56 62 58  
52 68 52 58 52 68 58 52 64 52 64 64 58 52 60 58 64 64 52 52 64 52 64 52 68 52 64 68 60 52 52 64 52 68 53 68 52 52 64 52 64 64 52 60 58 52 59 53 68 64 60 52 -1 -1 68 68 64 52 52 52 68 64 64 64 52 64 68 59 53 58  
54 54 54 58 54 54 58 54 54 64 58 54 58 58 66 58 54 54 54 54 58 54 54 58 61 54 54 54 61 54 54 64 54 54 64 64 54 54 54 54 64 58 54 66 58 54 58 64 61 54 61 54 54 64 -1 58 64 58 54 54 66 -1 64 58 54 64 54 54 64 58  
56 68 56 58 56 68 58 56 56 56 56 56 58 56 60 56 56 56 56 56 56 56 56 56 60 56 56 68 60 56 56 56 56 68 62 -1 56 56 56 56 56 56 56 60 56 56 59 56 60 56 60 56 56 62 68 60 -1 56 56 56 56 56 56 56 56 -1 68 56 62 58  
58 58 58 58 58 58 58 64 64 64 58 64 58 58 60 58 58 64 58 58 58 58 64 58 58 64 64 58 58 58 58 64 58 68 64 60 58 58 64 64 64 58 58 60 58 64 58 64 58 64 58 64 64 64 63 58 64 58 -1 58 58 63 64 58 58 64 69 58 58 58  
54 60 54 65 60 60 65 60 60 60 60 60 60 60 60 65 60 60 60 60 60 60 60 60 60 60 60 60 60 54 60 60 60 68 62 60 54 54 60 60 60 60 60 60 60 60 60 60 60 60 60 60 60 62 -1 60 60 60 65 60 -1 60 60 60 60 60 68 60 -1 65  
62 68 62 62 62 68 62 62 64 62 41 64 62 62 62 41 64 64 62 62 41 62 64 62 68 62 64 68 41 62 62 64 62 68 62 68 62 62 64 -1 64 -1 62 62 62 62 62 62 68 64 62 62 62 62 68 41 64 62 62 62 68 63 -1 41 62 64 68 62 62 62  
64 5 64 64 64 -1 27 66 64 64 5 64 27 64 66 10 64 64 64 64 10 64 64 64 66 64 64 5 66 64 64 64 64 -1 64 66 64 64 64 64 64 64 64 66 64 64 64 66 66 64 66 64 64 64 66 66 64 64 64 64 66 64 64 64 -1 66 33 64 66 64  
66 66 66 66 66 66 66 66 66 66 66 66 66 66 66 66 66 66 66 66 66 66 66 66 66 66 66 66 66 66 66 66 66 68 66 66 66 66 66 66 66 66 66 66 66 66 66 66 66 66 66 66 66 66 66 66 66 66 66 66 66 66 66 66 66 66 -1 66 66 66  

0.00 1.00 0.55 0.65 0.52 0.71 0.65 0.73 0.35 0.51 0.53 0.58 0.65 0.76 0.58 0.72 0.35 0.83 0.50 0.65 0.53 0.66 0.58 0.71 0.52 0.59 0.42 0.79 0.35 0.62 0.52 0.48 0.35 0.58 0.56 0.74 0.50 0.55 0.52 0.89 0.35 0.53 0.66 0.58 0.58 0.50 0.60 0.74 0.52 0.42 0.35 0.52 0.42 0.56 0.73 0.69 0.35 0.85 0.62 0.60 0.52 0.88 0.48 0.82 0.35 0.69 0.58 0.86 0.56 0.80  
0.10 0.61 0.00 0.25 0.00 0.32 0.25 0.35 0.00 0.10 0.13 0.23 0.13 0.04 0.20 0.32 0.00 0.48 0.10 0.27 0.13 0.19 0.23 0.24 0.13 0.21 0.04 0.40 0.19 0.22 0.14 0.12 0.00 0.19 0.17 0.37 0.10 0.15 0.17 0.45 0.00 0.13 0.13 0.20 0.22 0.12 0.22 0.38 0.13 0.07 0.19 0.14 0.04 0.17 0.34 0.31 0.00 0.13 0.22 0.22 0.14 0.49 0.09 0.47 0.00 0.34 0.19 0.09 0.17 0.40  
0.15 0.65 0.20 0.30 0.00 0.36 0.30 0.38 0.00 0.16 0.18 0.23 0.30 0.41 0.23 0.37 0.00 0.48 0.15 0.30 0.18 0.31 0.23 0.36 0.17 0.24 0.07 0.44 0.23 0.27 0.17 0.13 0.00 0.23 0.21 0.39 0.15 0.20 0.17 0.54 0.00 0.18 0.31 0.23 0.23 0.15 0.25 0.39 0.17 0.07 0.23 0.17 0.07 0.21 0.38 0.34 0.00 0.50 0.27 0.25 0.17 0.53 0.13 0.47 0.00 0.34 0.23 0.51 0.21 0.45  
0.08 0.55 0.14 0.13 0.14 0.26 0.00 0.37 0.01 0.17 0.01 0.24 0.00 0.16 0.17 0.11 0.01 0.49 0.09 0.24 0.01 0.25 0.24 0.11 0.00 0.25 0.08 0.34 0.06 0.10 0.11 0.14 0.01 0.24 0.22 0.34 0.09 0.14 0.18 0.54 0.01 0.01 0.25 0.17 0.10 0.16 0.11 0.40 0.00 0.08 0.06 0.18 0.08 0.22 0.26 0.20 0.01 0.25 0.10 0.19 0.11 0.36 0.14 0.26 0.01 0.35 0.24 0.52 0.22 0.28  
0.15 0.65 0.20 0.30 0.17 0.36 0.30 0.38 0.00 0.16 0.18 0.23 0.30 0.41 0.23 0.37 0.00 0.48 0.15 0.30 0.18 0.31 0.23 0.36 0.17 0.24 0.07 0.44 0.23 0.27 0.17 0.13 0.00 0.23 0.21 0.39 0.15 0.20 0.17 0.54 0.00 0.18 0.31 0.23 0.23 0.15 0.25 0.39 0.17 0.07 0.23 0.17 0.07 0.21 0.38 0.34 0.00 0.50 0.27 0.25 0.17 0.53 0.13 0.47 0.00 0.34 0.23 0.51 0.21 0.45  
0.08 0.29 0.13 0.23 0.13 0.25 0.12 0.36 0.00 0.16 0.00 0.23 0.12 0.28 0.23 0.19 0.00 0.48 0.08 0.30 0.00 0.31 0.23 0.23 0.12 0.24 0.07 0.08 0.11 0.20 0.17 0.13 0.00 0.23 0.21 0.39 0.08 0.13 0.17 0.44 0.00 0.18 0.31 0.23 0.20 0.15 0.23 0.39 0.12 0.07 0.18 0.17 0.07 0.21 0.08 0.19 0.00 0.37 0.20 0.25 0.17 0.44 0.13 0.34 0.00 0.34 0.23 0.38 0.21 0.38  
0.08 0.64 0.26 0.13 0.22 0.36 0.13 0.44 0.06 0.22 0.14 0.28 0.00 0.16 0.25 0.24 0.06 0.53 0.21 0.24 0.11 0.25 0.28 0.11 0.00 0.26 0.13 0.44 0.06 0.10 0.19 0.19 0.06 0.29 0.27 0.42 0.21 0.26 0.22 0.60 0.06 0.14 0.25 0.25 0.10 0.21 0.11 0.45 0.00 0.13 0.06 0.19 0.13 0.27 0.39 0.33 0.06 0.25 0.10 0.27 0.19 0.49 0.19 0.39 0.06 0.40 0.27 0.57 0.27 0.28  
0.15 0.51 0.20 0.30 0.11 0.22 0.30 0.28 0.00 0.16 0.18 0.17 0.25 0.41 0.00 0.37 0.00 0.42 0.15 0.30 0.18 0.31 0.17 0.36 0.06 0.05 0.07 0.30 0.00 0.27 0.17 0.13 0.00 0.19 0.21 0.29 0.15 0.20 0.11 0.54 0.00 0.18 0.25 0.12 0.17 0.15 0.25 0.38 0.06 0.07 0.05 0.17 0.07 0.21 0.21 0.11 0.00 0.50 0.27 0.25 0.06 0.47 0.13 0.47 0.00 0.31 0.06 0.51 0.19 0.45  
0.15 0.65 0.20 0.30 0.17 0.36 0.30 0.38 0.00 0.16 0.18 0.23 0.30 0.41 0.23 0.37 0.00 0.48 0.15 0.30 0.18 0.31 0.23 0.36 0.17 0.24 0.07 0.44 0.23 0.27 0.17 0.13 0.00 0.23 0.21 0.39 0.15 0.20 0.17 0.54 0.00 0.18 0.31 0.23 0.23 0.15 0.25 0.39 0.17 0.07 0.23 0.17 0.07 0.21 0.38 0.34 0.00 0.50 0.27 0.25 0.17 0.53 0.13 0.47 0.00 0.34 0.23 0.51 0.21 0.45  
0.00 0.67 0.05 0.15 0.05 0.41 0.15 0.28 0.05 0.21 0.16 0.28 0.15 0.25 0.25 0.26 0.05 0.42 0.00 0.33 0.16 0.34 0.17 0.20 0.15 0.29 0.12 0.49 0.21 0.12 0.22 0.18 0.05 0.19 0.26 0.42 0.00 0.05 0.22 0.45 0.05 0.16 0.34 0.25 0.12 0.20 0.20 0.44 0.15 0.12 0.21 0.22 0.12 0.26 0.34 0.35 0.05 0.34 0.12 0.30 0.19 0.51 0.18 0.41 0.05 0.39 0.19 0.56 0.26 0.30  
0.08 0.54 0.13 0.23 0.13 0.25 0.23 0.36 0.00 0.16 0.18 0.23 0.23 0.39 0.23 0.19 0.00 0.48 0.08 0.30 0.00 0.31 0.23 0.34 0.17 0.24 0.07 0.33 0.11 0.20 0.17 0.13 0.00 0.23 0.21 0.39 0.08 0.13 0.17 0.53 0.00 0.18 0.31 0.23 0.20 0.15 0.25 0.39 0.17 0.07 0.23 0.17 0.07 0.21 0.33 0.19 0.00 0.48 0.20 0.25 0.17 0.44 0.13 0.34 0.00 0.34 0.23 0.51 0.21 0.38  
0.15 0.50 0.20 0.21 0.17 0.30 0.21 0.36 0.00 0.16 0.15 0.23 0.08 0.24 0.08 0.32 0.00 0.25 0.15 0.30 0.15 0.14 0.00 0.19 0.02 0.24 0.07 0.38 0.08 0.18 0.17 0.13 0.00 0.02 0.21 0.25 0.15 0.20 0.17 0.54 0.00 0.15 0.08 0.08 0.00 0.15 0.19 0.34 0.02 0.07 0.08 0.17 0.07 0.21 0.17 0.19 0.00 0.33 0.18 0.25 0.02 0.53 0.13 0.47 0.00 0.27 0.02 0.51 0.15 0.36  
0.21 0.65 0.26 0.13 0.22 0.36 0.13 0.44 0.06 0.22 0.14 0.28 0.13 0.16 0.25 0.24 0.06 0.53 0.21 0.24 0.11 0.25 0.28 0.11 0.00 0.26 0.13 0.44 0.06 0.10 0.19 0.19 0.06 0.29 0.27 0.42 0.21 0.26 0.22 0.60 0.06 0.14 0.25 0.25 0.10 0.21 0.11 0.45 0.00 0.13 0.06 0.19 0.13 0.27 0.39 0.33 0.06 0.25 0.10 0.27 0.19 0.49 0.19 0.39 0.06 0.40 0.27 0.57 0.27 0.28  
0.06 0.60 0.11 0.21 0.11 0.31 0.21 0.31 0.00 0.06 0.13 0.23 0.09 0.25 0.16 0.32 0.00 0.48 0.06 0.23 0.13 0.15 0.23 0.20 0.09 0.17 0.00 0.39 0.15 0.18 0.10 0.08 0.00 0.18 0.16 0.33 0.06 0.11 0.17 0.47 0.00 0.13 0.09 0.16 0.18 0.08 0.18 0.34 0.09 0.07 0.15 0.10 0.00 0.16 0.33 0.27 0.00 0.09 0.18 0.18 0.10 0.45 0.08 0.47 0.00 0.34 0.18 0.51 0.16 0.36  
0.15 0.51 0.20 0.30 0.11 0.22 0.30 0.28 0.00 0.16 0.18 0.17 0.25 0.41 0.23 0.37 0.00 0.42 0.15 0.30 0.18 0.31 0.17 0.36 0.17 0.24 0.07 0.30 0.00 0.27 0.17 0.13 0.00 0.19 0.21 0.39 0.15 0.20 0.11 0.54 0.00 0.18 0.25 0.23 0.17 0.15 0.25 0.39 0.17 0.07 0.23 0.17 0.07 0.21 0.30 0.11 0.00 0.50 0.27 0.25 0.17 0.47 0.13 0.47 0.00 0.34 0.19 0.51 0.21 0.45  
0.15 0.57 0.20 0.07 0.17 0.28 0.07 0.34 0.04 0.15 0.08 0.23 0.07 0.23 0.06 0.18 0.04 0.48 0.15 0.21 0.08 0.22 0.23 0.18 0.00 0.26 0.11 0.36 0.06 0.17 0.00 0.17 0.04 0.23 0.25 0.23 0.15 0.20 0.17 0.58 0.04 0.08 0.22 0.06 0.04 0.19 0.08 0.32 0.00 0.11 0.06 0.19 0.11 0.25 0.15 0.17 0.04 0.32 0.04 0.08 0.00 0.25 0.17 0.15 0.04 0.25 0.22 0.41 0.21 0.22  
0.15 0.65 0.20 0.30 0.17 0.36 0.30 0.38 0.00 0.16 0.18 0.23 0.30 0.41 0.23 0.37 0.00 0.48 0.15 0.30 0.18 0.31 0.23 0.36 0.17 0.24 0.07 0.44 0.23 0.27 0.17 0.13 0.00 0.23 0.21 0.39 0.15 0.20 0.17 0.54 0.00 0.18 0.31 0.23 0.23 0.15 0.25 0.39 0.17 0.07 0.23 0.17 0.07 0.21 0.38 0.34 0.00 0.50 0.27 0.25 0.17 0.53 0.13 0.47 0.00 0.34 0.23 0.51 0.21 0.45  
0.15 0.44 0.20 0.30 0.17 0.15 0.27 0.36 0.00 0.16 0.15 0.23 0.26 0.41 0.08 0.34 0.00 0.48 0.15 0.30 0.15 0.31 0.23 0.36 0.02 0.24 0.07 0.23 0.08 0.27 0.17 0.13 0.00 0.02 0.00 0.25 0.15 0.20 0.17 0.54 0.00 0.18 0.26 0.08 0.23 0.15 0.25 0.30 0.02 0.07 0.08 0.17 0.07 0.01 0.17 0.19 0.00 0.50 0.27 0.25 0.02 0.53 0.13 0.47 0.00 0.27 0.02 0.51 0.00 0.45  
0.00 0.69 0.05 0.15 0.05 0.41 0.15 0.28 0.05 0.21 0.16 0.28 0.15 0.31 0.27 0.26 0.05 0.53 0.20 0.35 0.16 0.36 0.28 0.26 0.15 0.29 0.12 0.49 0.21 0.12 0.22 0.18 0.05 0.21 0.26 0.44 0.00 0.05 0.22 0.45 0.05 0.16 0.36 0.27 0.12 0.20 0.26 0.44 0.15 0.12 0.21 0.22 0.12 0.26 0.36 0.35 0.05 0.40 0.12 0.30 0.21 0.51 0.18 0.41 0.05 0.39 0.21 0.56 0.26 0.30  
0.10 0.49 0.20 0.14 0.00 0.20 0.14 0.38 0.00 0.16 0.15 0.06 0.01 0.17 0.14 0.25 0.00 0.31 0.15 0.25 0.12 0.01 0.06 0.12 0.01 0.24 0.07 0.28 0.07 0.11 0.17 0.13 0.00 0.08 0.21 0.31 0.15 0.20 0.00 0.47 0.00 0.15 0.01 0.14 0.06 0.15 0.12 0.39 0.01 0.07 0.07 0.17 0.07 0.21 0.23 0.25 0.00 0.26 0.11 0.20 0.08 0.36 0.13 0.40 0.00 0.33 0.08 0.51 0.21 0.29  
0.15 0.54 0.20 0.30 0.17 0.25 0.30 0.38 0.00 0.16 0.18 0.23 0.30 0.41 0.23 0.37 0.00 0.48 0.15 0.30 0.18 0.31 0.23 0.36 0.17 0.24 0.07 0.33 0.11 0.27 0.17 0.13 0.00 0.23 0.21 0.39 0.15 0.20 0.17 0.54 0.00 0.18 0.31 0.23 0.23 0.15 0.25 0.39 0.17 0.07 0.23 0.17 0.07 0.21 0.33 0.34 0.00 0.50 0.27 0.25 0.17 0.53 0.13 0.47 0.00 0.34 0.23 0.51 0.21 0.45  
0.21 0.65 0.26 0.13 0.22 0.36 0.13 0.44 0.06 0.22 0.14 0.28 0.00 0.16 0.22 0.24 0.06 0.53 0.21 0.24 0.11 0.06 0.28 0.11 0.00 0.26 0.13 0.44 0.06 0.10 0.19 0.19 0.06 0.29 0.27 0.39 0.21 0.26 0.22 0.60 0.06 0.14 0.00 0.22 0.10 0.21 0.11 0.45 0.00 0.13 0.06 0.19 0.13 0.27 0.39 0.33 0.06 0.25 0.10 0.27 0.16 0.49 0.19 0.39 0.06 0.40 0.27 0.57 0.27 0.28  
0.15 0.50 0.20 0.30 0.17 0.30 0.30 0.36 0.00 0.16 0.15 0.23 0.28 0.41 0.08 0.34 0.00 0.25 0.15 0.30 0.15 0.31 0.23 0.36 0.02 0.24 0.07 0.38 0.08 0.27 0.17 0.13 0.00 0.02 0.21 0.25 0.15 0.20 0.17 0.54 0.00 0.15 0.31 0.08 0.00 0.15 0.25 0.34 0.02 0.07 0.08 0.17 0.07 0.21 0.17 0.19 0.00 0.50 0.27 0.25 0.02 0.53 0.13 0.47 0.00 0.27 0.02 0.51 0.15 0.45  
0.11 0.54 0.16 0.26 0.13 0.25 0.26 0.36 0.00 0.11 0.18 0.19 0.14 0.05 0.21 0.37 0.00 0.44 0.11 0.13 0.00 0.14 0.19 0.25 0.14 0.22 0.05 0.33 0.10 0.23 0.15 0.13 0.00 0.21 0.21 0.38 0.11 0.16 0.13 0.52 0.00 0.18 0.14 0.21 0.19 0.13 0.00 0.39 0.14 0.07 0.20 0.15 0.05 0.21 0.33 0.32 0.00 0.14 0.23 0.23 0.15 0.49 0.13 0.47 0.00 0.34 0.21 0.51 0.21 0.41  
0.21 0.71 0.26 0.36 0.23 0.42 0.36 0.44 0.06 0.22 0.24 0.29 0.26 0.42 0.25 0.43 0.06 0.54 0.21 0.32 0.24 0.33 0.29 0.37 0.00 0.26 0.13 0.50 0.06 0.33 0.19 0.19 0.06 0.29 0.27 0.42 0.21 0.26 0.23 0.60 0.06 0.24 0.33 0.25 0.29 0.21 0.27 0.45 0.00 0.13 0.06 0.19 0.13 0.27 0.42 0.36 0.06 0.51 0.33 0.27 0.19 0.59 0.19 0.53 0.06 0.40 0.27 0.57 0.27 0.51  
0.15 0.58 0.20 0.29 0.17 0.29 0.29 0.35 0.00 0.16 0.18 0.23 0.27 0.41 0.07 0.37 0.00 0.48 0.15 0.30 0.18 0.31 0.23 0.36 0.01 0.24 0.07 0.37 0.00 0.27 0.17 0.13 0.00 0.16 0.21 0.24 0.15 0.20 0.17 0.54 0.00 0.18 0.31 0.07 0.23 0.15 0.25 0.33 0.01 0.07 0.00 0.17 0.07 0.21 0.16 0.18 0.00 0.50 0.26 0.25 0.01 0.53 0.13 0.47 0.00 0.26 0.01 0.51 0.14 0.44  
0.08 0.65 0.13 0.23 0.13 0.36 0.23 0.31 0.00 0.09 0.18 0.23 0.23 0.34 0.16 0.34 0.00 0.48 0.08 0.23 0.18 0.24 0.23 0.29 0.10 0.17 0.07 0.44 0.16 0.20 0.10 0.13 0.00 0.23 0.21 0.33 0.08 0.13 0.17 0.47 0.00 0.18 0.24 0.16 0.20 0.08 0.18 0.39 0.10 0.07 0.16 0.10 0.00 0.21 0.33 0.27 0.00 0.43 0.20 0.18 0.10 0.53 0.13 0.47 0.00 0.34 0.18 0.51 0.21 0.38  
0.00 0.60 0.05 0.15 0.05 0.31 0.04 0.28 0.05 0.21 0.16 0.28 0.04 0.20 0.27 0.26 0.05 0.53 0.20 0.28 0.15 0.29 0.28 0.15 0.04 0.29 0.12 0.39 0.10 0.12 0.22 0.18 0.05 0.21 0.26 0.44 0.00 0.05 0.22 0.45 0.05 0.16 0.29 0.27 0.12 0.20 0.15 0.44 0.04 0.12 0.10 0.22 0.12 0.26 0.00 0.35 0.05 0.29 0.12 0.30 0.21 0.51 0.18 0.41 0.05 0.39 0.21 0.56 0.26 0.30  
0.15 0.65 0.20 0.30 0.17 0.36 0.30 0.38 0.00 0.16 0.18 0.23 0.30 0.41 0.23 0.37 0.00 0.48 0.15 0.30 0.18 0.31 0.23 0.36 0.17 0.24 0.07 0.44 0.23 0.27 0.17 0.13 0.00 0.23 0.21 0.39 0.15 0.20 0.17 0.54 0.00 0.18 0.31 0.23 0.23 0.15 0.25 0.39 0.17 0.07 0.23 0.17 0.07 0.21 0.38 0.34 0.00 0.50 0.27 0.25 0.17 0.53 0.13 0.47 0.00 0.34 0.23 0.51 0.21 0.45  
0.11 0.58 0.17 0.03 0.17 0.29 0.03 0.38 0.00 0.16 0.04 0.23 0.03 0.19 0.20 0.14 0.00 0.48 0.12 0.27 0.04 0.28 0.23 0.14 0.03 0.24 0.07 0.37 0.09 0.13 0.14 0.13 0.00 0.19 0.21 0.37 0.12 0.17 0.17 0.54 0.00 0.04 0.28 0.20 0.00 0.15 0.14 0.39 0.03 0.07 0.09 0.17 0.07 0.21 0.29 0.23 0.00 0.28 0.00 0.22 0.14 0.39 0.13 0.29 0.00 0.34 0.18 0.51 0.17 0.18  
0.15 0.57 0.20 0.28 0.17 0.28 0.28 0.34 0.06 0.15 0.24 0.23 0.22 0.38 0.06 0.39 0.06 0.48 0.15 0.21 0.08 0.22 0.23 0.33 0.00 0.26 0.13 0.36 0.06 0.27 0.19 0.19 0.06 0.25 0.27 0.23 0.15 0.20 0.17 0.60 0.06 0.24 0.22 0.06 0.23 0.21 0.08 0.32 0.00 0.13 0.06 0.19 0.13 0.27 0.34 0.17 0.06 0.47 0.25 0.08 0.00 0.53 0.19 0.53 0.06 0.25 0.25 0.41 0.27 0.43  
0.08 0.52 0.13 0.23 0.13 0.23 0.23 0.36 0.00 0.09 0.05 0.23 0.23 0.34 0.16 0.24 0.00 0.48 0.08 0.23 0.05 0.24 0.23 0.29 0.10 0.17 0.07 0.31 0.16 0.20 0.10 0.13 0.00 0.10 0.08 0.33 0.08 0.13 0.17 0.47 0.00 0.05 0.24 0.16 0.20 0.08 0.18 0.26 0.10 0.07 0.16 0.10 0.00 0.08 0.25 0.24 0.00 0.43 0.20 0.18 0.10 0.49 0.00 0.39 0.00 0.34 0.10 0.51 0.08 0.38  
0.15 0.65 0.20 0.30 0.17 0.36 0.30 0.38 0.00 0.16 0.18 0.23 0.30 0.41 0.23 0.37 0.00 0.48 0.15 0.30 0.18 0.31 0.23 0.36 0.17 0.24 0.07 0.44 0.23 0.27 0.17 0.13 0.00 0.23 0.21 0.39 0.15 0.20 0.17 0.54 0.00 0.18 0.31 0.23 0.23 0.15 0.25 0.39 0.17 0.07 0.23 0.17 0.07 0.21 0.38 0.34 0.00 0.50 0.27 0.25 0.17 0.53 0.13 0.47 0.00 0.34 0.23 0.51 0.21 0.45  
0.15 0.48 0.20 0.28 0.17 0.28 0.28 0.34 0.06 0.15 0.24 0.23 0.26 0.40 0.06 0.39 0.06 0.48 0.15 0.32 0.24 0.33 0.23 0.35 0.00 0.26 0.13 0.36 0.06 0.27 0.19 0.19 0.06 0.15 0.27 0.23 0.15 0.20 0.17 0.60 0.06 0.24 0.31 0.06 0.23 0.21 0.27 0.32 0.00 0.13 0.06 0.19 0.13 0.27 0.15 0.17 0.06 0.49 0.25 0.27 0.00 0.53 0.19 0.53 0.06 0.25 0.00 0.57 0.13 0.43  
0.15 0.44 0.20 0.30 0.17 0.15 0.27 0.36 0.00 0.16 0.15 0.23 0.26 0.41 0.08 0.34 0.00 0.48 0.15 0.30 0.15 0.31 0.23 0.36 0.02 0.24 0.07 0.23 0.08 0.27 0.17 0.13 0.00 0.02 0.01 0.25 0.15 0.20 0.17 0.54 0.00 0.18 0.26 0.08 0.23 0.15 0.25 0.30 0.02 0.07 0.08 0.17 0.07 0.01 0.17 0.19 0.00 0.50 0.27 0.25 0.02 0.53 0.13 0.47 0.00 0.27 0.02 0.51 0.00 0.45  
0.13 0.60 0.19 0.05 0.19 0.31 0.05 0.40 0.02 0.18 0.06 0.25 0.05 0.21 0.22 0.16 0.02 0.39 0.14 0.29 0.06 0.30 0.14 0.16 0.05 0.26 0.09 0.39 0.11 0.15 0.16 0.15 0.02 0.16 0.23 0.39 0.14 0.19 0.19 0.56 0.02 0.06 0.30 0.22 0.02 0.17 0.16 0.41 0.05 0.09 0.11 0.19 0.09 0.23 0.31 0.25 0.02 0.30 0.02 0.24 0.16 0.41 0.15 0.31 0.02 0.02 0.16 0.53 0.19 0.20  
0.00 0.69 0.05 0.15 0.05 0.41 0.15 0.28 0.05 0.21 0.16 0.28 0.15 0.31 0.27 0.26 0.05 0.53 0.20 0.35 0.16 0.36 0.28 0.26 0.15 0.29 0.12 0.49 0.21 0.12 0.22 0.18 0.05 0.21 0.26 0.44 0.20 0.05 0.22 0.45 0.05 0.16 0.36 0.27 0.12 0.20 0.26 0.44 0.15 0.12 0.21 0.22 0.12 0.26 0.36 0.35 0.05 0.40 0.12 0.30 0.21 0.51 0.18 0.41 0.05 0.39 0.21 0.56 0.26 0.30  
0.15 0.64 0.00 0.10 0.00 0.36 0.10 0.23 0.00 0.16 0.11 0.23 0.10 0.26 0.22 0.21 0.00 0.48 0.15 0.30 0.11 0.31 0.23 0.21 0.10 0.24 0.07 0.44 0.16 0.07 0.17 0.13 0.00 0.16 0.21 0.39 0.15 0.20 0.17 0.54 0.00 0.11 0.31 0.22 0.07 0.15 0.21 0.39 0.10 0.07 0.16 0.17 0.07 0.21 0.31 0.30 0.00 0.35 0.07 0.25 0.16 0.46 0.13 0.36 0.00 0.34 0.16 0.51 0.21 0.25  
0.15 0.49 0.20 0.27 0.00 0.20 0.27 0.38 0.00 0.16 0.18 0.06 0.14 0.30 0.14 0.37 0.00 0.31 0.15 0.30 0.18 0.20 0.06 0.25 0.08 0.24 0.07 0.28 0.14 0.24 0.17 0.13 0.00 0.08 0.21 0.31 0.15 0.20 0.17 0.54 0.00 0.18 0.14 0.14 0.06 0.15 0.25 0.39 0.08 0.07 0.14 0.17 0.07 0.21 0.23 0.25 0.00 0.39 0.24 0.25 0.08 0.36 0.13 0.47 0.00 0.33 0.08 0.51 0.21 0.42  
0.07 0.61 0.12 0.13 0.12 0.32 0.00 0.32 0.01 0.07 0.14 0.24 0.00 0.01 0.17 0.24 0.01 0.49 0.07 0.24 0.11 0.16 0.24 0.11 0.00 0.18 0.01 0.40 0.06 0.10 0.11 0.09 0.01 0.19 0.17 0.34 0.07 0.12 0.18 0.48 0.01 0.14 0.10 0.17 0.10 0.09 0.11 0.35 0.00 0.08 0.06 0.11 0.01 0.17 0.34 0.28 0.01 0.10 0.10 0.19 0.11 0.46 0.09 0.39 0.01 0.35 0.19 0.52 0.17 0.28  
0.15 0.65 0.20 0.30 0.17 0.36 0.30 0.38 0.00 0.16 0.18 0.23 0.30 0.41 0.23 0.37 0.00 0.48 0.15 0.30 0.18 0.31 0.23 0.36 0.17 0.24 0.07 0.44 0.23 0.27 0.17 0.13 0.00 0.23 0.21 0.39 0.15 0.20 0.17 0.54 0.00 0.18 0.31 0.23 0.23 0.15 0.25 0.39 0.17 0.07 0.23 0.17 0.07 0.21 0.38 0.34 0.00 0.50 0.27 0.25 0.17 0.53 0.13 0.47 0.00 0.34 0.23 0.51 0.21 0.45  
0.08 0.54 0.13 0.23 0.13 0.25 0.23 0.36 0.00 0.16 0.00 0.23 0.23 0.39 0.23 0.19 0.00 0.48 0.08 0.30 0.00 0.31 0.23 0.34 0.17 0.24 0.07 0.33 0.11 0.20 0.17 0.13 0.00 0.23 0.21 0.39 0.08 0.13 0.17 0.53 0.00 0.18 0.31 0.23 0.20 0.15 0.25 0.39 0.17 0.07 0.23 0.17 0.07 0.21 0.33 0.19 0.00 0.48 0.20 0.25 0.17 0.44 0.13 0.34 0.00 0.34 0.23 0.51 0.21 0.38  
0.21 0.65 0.26 0.13 0.22 0.36 0.13 0.44 0.06 0.22 0.14 0.28 0.00 0.16 0.25 0.24 0.06 0.53 0.21 0.24 0.11 0.06 0.28 0.11 0.00 0.26 0.13 0.44 0.06 0.10 0.19 0.19 0.06 0.29 0.27 0.42 0.21 0.26 0.22 0.60 0.06 0.14 0.06 0.25 0.10 0.21 0.11 0.45 0.00 0.13 0.06 0.19 0.13 0.27 0.39 0.33 0.06 0.25 0.10 0.27 0.19 0.49 0.19 0.39 0.06 0.40 0.27 0.57 0.27 0.28  
0.15 0.51 0.20 0.30 0.11 0.22 0.30 0.28 0.00 0.16 0.18 0.17 0.25 0.41 0.00 0.37 0.00 0.42 0.15 0.30 0.18 0.31 0.17 0.36 0.17 0.24 0.07 0.30 0.00 0.27 0.17 0.13 0.00 0.19 0.21 0.31 0.15 0.20 0.11 0.54 0.00 0.18 0.25 0.23 0.17 0.15 0.25 0.39 0.17 0.07 0.08 0.17 0.07 0.21 0.30 0.11 0.00 0.50 0.27 0.25 0.17 0.47 0.13 0.47 0.00 0.33 0.19 0.51 0.21 0.45  
0.15 0.65 0.20 0.30 0.17 0.36 0.30 0.38 0.00 0.16 0.18 0.23 0.30 0.41 0.23 0.37 0.00 0.48 0.15 0.30 0.18 0.31 0.23 0.36 0.17 0.24 0.07 0.44 0.23 0.27 0.17 0.13 0.00 0.23 0.21 0.39 0.15 0.20 0.17 0.54 0.00 0.18 0.31 0.23 0.23 0.15 0.25 0.39 0.17 0.07 0.23 0.17 0.07 0.21 0.38 0.34 0.00 0.50 0.27 0.25 0.17 0.53 0.13 0.47 0.00 0.34 0.23 0.51 0.21 0.45  
0.00 0.68 0.05 0.15 0.05 0.41 0.15 0.28 0.05 0.01 0.16 0.28 0.15 0.26 0.26 0.26 0.05 0.43 0.00 0.34 0.16 0.27 0.18 0.21 0.15 0.29 0.12 0.49 0.21 0.12 0.22 0.18 0.05 0.20 0.26 0.43 0.00 0.05 0.22 0.39 0.05 0.16 0.21 0.26 0.12 0.20 0.21 0.44 0.15 0.12 0.21 0.22 0.12 0.26 0.35 0.35 0.05 0.35 0.12 0.30 0.20 0.51 0.18 0.41 0.05 0.39 0.20 0.56 0.26 0.30  
0.15 0.54 0.20 0.27 0.13 0.25 0.27 0.38 0.00 0.16 0.18 0.19 0.14 0.30 0.23 0.37 0.00 0.44 0.15 0.13 0.00 0.14 0.19 0.25 0.14 0.24 0.07 0.33 0.10 0.24 0.17 0.13 0.00 0.21 0.21 0.39 0.15 0.20 0.13 0.54 0.00 0.18 0.14 0.23 0.19 0.15 0.25 0.39 0.14 0.07 0.20 0.17 0.07 0.21 0.33 0.34 0.00 0.39 0.24 0.25 0.17 0.49 0.13 0.47 0.00 0.34 0.21 0.51 0.21 0.42  
0.15 0.50 0.20 0.30 0.17 0.30 0.30 0.36 0.00 0.16 0.15 0.23 0.28 0.22 0.08 0.34 0.00 0.25 0.15 0.30 0.15 0.31 0.00 0.36 0.02 0.24 0.07 0.38 0.08 0.27 0.17 0.13 0.00 0.02 0.21 0.25 0.15 0.20 0.17 0.54 0.00 0.15 0.31 0.08 0.00 0.15 0.25 0.34 0.02 0.07 0.08 0.17 0.07 0.21 0.17 0.19 0.00 0.31 0.27 0.25 0.02 0.53 0.13 0.47 0.00 0.27 0.02 0.51 0.15 0.45  
0.21 0.71 0.26 0.36 0.23 0.42 0.36 0.44 0.06 0.22 0.24 0.29 0.26 0.42 0.25 0.43 0.06 0.54 0.21 0.32 0.24 0.33 0.29 0.37 0.00 0.26 0.13 0.50 0.06 0.33 0.19 0.19 0.06 0.29 0.27 0.42 0.21 0.26 0.23 0.60 0.06 0.24 0.33 0.25 0.29 0.21 0.27 0.45 0.00 0.13 0.06 0.19 0.13 0.27 0.42 0.36 0.06 0.51 0.33 0.27 0.19 0.59 0.19 0.53 0.06 0.40 0.27 0.57 0.27 0.51  
0.08 0.65 0.13 0.23 0.13 0.36 0.23 0.31 0.00 0.09 0.18 0.23 0.23 0.34 0.16 0.34 0.00 0.48 0.08 0.23 0.18 0.24 0.23 0.29 0.10 0.17 0.00 0.44 0.16 0.20 0.10 0.13 0.00 0.23 0.21 0.33 0.08 0.13 0.17 0.47 0.00 0.18 0.24 0.16 0.20 0.08 0.18 0.39 0.10 0.07 0.16 0.10 0.00 0.21 0.33 0.27 0.00 0.43 0.20 0.18 0.10 0.53 0.13 0.47 0.00 0.34 0.18 0.51 0.21 0.38  
0.15 0.65 0.20 0.30 0.17 0.36 0.30 0.38 0.00 0.16 0.18 0.23 0.30 0.41 0.23 0.37 0.00 0.48 0.15 0.30 0.18 0.31 0.23 0.36 0.17 0.24 0.07 0.44 0.00 0.27 0.17 0.13 0.00 0.23 0.21 0.39 0.15 0.20 0.17 0.54 0.00 0.18 0.31 0.23 0.23 0.15 0.25 0.39 0.17 0.07 0.23 0.17 0.07 0.21 0.38 0.34 0.00 0.50 0.27 0.25 0.17 0.53 0.13 0.47 0.00 0.34 0.23 0.51 0.21 0.45  
0.15 0.57 0.20 0.27 0.13 0.28 0.27 0.34 0.06 0.15 0.24 0.19 0.14 0.30 0.06 0.38 0.06 0.44 0.15 0.13 0.08 0.14 0.19 0.25 0.00 0.07 0.13 0.36 0.06 0.24 0.00 0.19 0.06 0.21 0.27 0.23 0.15 0.20 0.13 0.60 0.06 0.24 0.14 0.06 0.19 0.21 0.08 0.32 0.00 0.13 0.06 0.19 0.13 0.27 0.23 0.17 0.06 0.39 0.24 0.08 0.00 0.49 0.19 0.53 0.06 0.25 0.08 0.41 0.21 0.42  
0.08 0.65 0.13 0.23 0.13 0.36 0.23 0.36 0.00 0.09 0.18 0.23 0.23 0.34 0.16 0.34 0.00 0.48 0.08 0.23 0.18 0.24 0.23 0.29 0.10 0.17 0.07 0.44 0.16 0.20 0.10 0.13 0.00 0.23 0.21 0.33 0.08 0.13 0.17 0.47 0.00 0.18 0.24 0.16 0.20 0.08 0.18 0.39 0.10 0.07 0.16 0.10 0.07 0.21 0.33 0.27 0.00 0.43 0.20 0.18 0.10 0.53 0.13 0.47 0.00 0.34 0.18 0.51 0.21 0.38  
0.15 0.44 0.20 0.30 0.17 0.15 0.27 0.36 0.00 0.16 0.15 0.23 0.26 0.41 0.08 0.34 0.00 0.48 0.15 0.30 0.15 0.31 0.23 0.36 0.02 0.24 0.07 0.23 0.08 0.27 0.17 0.13 0.00 0.02 0.00 0.25 0.15 0.20 0.17 0.54 0.00 0.18 0.26 0.08 0.23 0.15 0.25 0.30 0.02 0.07 0.08 0.17 0.07 0.01 0.17 0.19 0.00 0.50 0.27 0.25 0.02 0.53 0.13 0.47 0.00 0.27 0.02 0.51 0.00 0.45  
0.00 0.60 0.05 0.15 0.05 0.31 0.15 0.28 0.05 0.21 0.16 0.28 0.15 0.31 0.27 0.26 0.05 0.53 0.20 0.35 0.16 0.36 0.28 0.26 0.15 0.29 0.12 0.39 0.21 0.12 0.22 0.18 0.05 0.21 0.26 0.44 0.00 0.05 0.22 0.45 0.05 0.16 0.36 0.27 0.12 0.20 0.26 0.44 0.15 0.12 0.21 0.22 0.12 0.26 0.36 0.35 0.05 0.40 0.12 0.30 0.21 0.51 0.18 0.41 0.05 0.39 0.21 0.56 0.26 0.30  
0.15 0.49 0.20 0.27 0.00 0.20 0.27 0.17 0.00 0.16 0.18 0.06 0.14 0.30 0.14 0.37 0.00 0.31 0.15 0.30 0.18 0.20 0.06 0.25 0.08 0.17 0.07 0.28 0.14 0.24 0.17 0.13 0.00 0.08 0.21 0.31 0.15 0.20 0.00 0.54 0.00 0.18 0.14 0.14 0.06 0.15 0.25 0.39 0.08 0.07 0.14 0.17 0.07 0.21 0.23 0.25 0.00 0.39 0.24 0.25 0.08 0.36 0.13 0.47 0.00 0.33 0.08 0.51 0.21 0.42  
0.15 0.65 0.20 0.30 0.17 0.36 0.30 0.38 0.00 0.16 0.18 0.23 0.30 0.41 0.23 0.37 0.00 0.48 0.15 0.30 0.18 0.31 0.23 0.36 0.17 0.24 0.07 0.44 0.23 0.27 0.17 0.13 0.00 0.23 0.21 0.39 0.15 0.20 0.17 0.54 0.00 0.18 0.31 0.23 0.23 0.15 0.25 0.39 0.17 0.07 0.23 0.17 0.07 0.21 0.38 0.34 0.00 0.50 0.27 0.25 0.17 0.53 0.13 0.47 0.00 0.34 0.23 0.51 0.21 0.45  
0.21 0.65 0.26 0.13 0.22 0.36 0.13 0.44 0.06 0.22 0.14 0.28 0.00 0.16 0.25 0.24 0.06 0.53 0.21 0.24 0.11 0.06 0.28 0.11 0.00 0.26 0.13 0.44 0.06 0.10 0.19 0.19 0.06 0.29 0.27 0.42 0.21 0.26 0.22 0.60 0.06 0.14 0.00 0.25 0.10 0.21 0.11 0.45 0.00 0.13 0.06 0.19 0.13 0.27 0.39 0.33 0.06 0.25 0.10 0.27 0.19 0.49 0.19 0.39 0.06 0.40 0.27 0.57 0.27 0.28  
0.11 0.58 0.17 0.03 0.17 0.29 0.03 0.38 0.00 0.16 0.04 0.23 0.03 0.19 0.20 0.14 0.00 0.48 0.12 0.27 0.04 0.28 0.23 0.14 0.03 0.24 0.07 0.37 0.09 0.13 0.14 0.13 0.00 0.19 0.21 0.37 0.12 0.17 0.17 0.54 0.00 0.04 0.28 0.20 0.00 0.15 0.14 0.39 0.03 0.07 0.09 0.17 0.07 0.21 0.29 0.23 0.00 0.28 0.13 0.22 0.14 0.39 0.13 0.29 0.00 0.34 0.18 0.51 0.17 0.18  
0.15 0.54 0.20 0.23 0.13 0.25 0.23 0.38 0.00 0.16 0.17 0.19 0.14 0.30 0.23 0.34 0.00 0.44 0.15 0.13 0.00 0.14 0.19 0.25 0.14 0.24 0.07 0.33 0.10 0.20 0.17 0.12 0.00 0.21 0.20 0.39 0.15 0.20 0.13 0.54 0.00 0.17 0.14 0.23 0.19 0.15 0.00 0.38 0.14 0.07 0.20 0.17 0.07 0.20 0.33 0.34 0.00 0.39 0.20 0.25 0.17 0.49 0.12 0.47 0.00 0.34 0.21 0.33 0.20 0.38  
0.15 0.57 0.20 0.28 0.17 0.28 0.28 0.34 0.06 0.15 0.24 0.23 0.26 0.40 0.06 0.39 0.06 0.48 0.15 0.32 0.24 0.33 0.23 0.35 0.00 0.26 0.13 0.36 0.06 0.27 0.19 0.19 0.06 0.25 0.27 0.23 0.15 0.20 0.17 0.60 0.06 0.24 0.31 0.06 0.23 0.21 0.27 0.32 0.00 0.13 0.06 0.19 0.13 0.27 0.34 0.17 0.06 0.49 0.25 0.27 0.06 0.53 0.19 0.53 0.06 0.25 0.25 0.57 0.27 0.43  
0.15 0.65 0.20 0.30 0.17 0.36 0.30 0.38 0.00 0.16 0.18 0.23 0.28 0.41 0.23 0.37 0.00 0.48 0.15 0.30 0.18 0.31 0.23 0.36 0.02 0.24 0.07 0.44 0.00 0.27 0.17 0.13 0.00 0.23 0.21 0.39 0.15 0.20 0.17 0.54 0.00 0.18 0.31 0.23 0.23 0.15 0.25 0.39 0.02 0.07 0.00 0.17 0.07 0.21 0.38 0.34 0.00 0.50 0.27 0.25 0.17 0.53 0.13 0.47 0.00 0.34 0.23 0.51 0.21 0.45  
0.08 0.52 0.13 0.23 0.13 0.23 0.23 0.36 0.00 0.09 0.18 0.23 0.23 0.34 0.16 0.34 0.00 0.48 0.08 0.23 0.18 0.24 0.23 0.29 0.10 0.17 0.07 0.31 0.16 0.20 0.10 0.13 0.00 0.10 0.08 0.33 0.08 0.13 0.17 0.47 0.00 0.18 0.24 0.16 0.20 0.08 0.18 0.38 0.10 0.07 0.16 0.10 0.00 0.08 0.25 0.27 0.00 0.43 0.20 0.18 0.10 0.53 0.13 0.47 0.00 0.34 0.10 0.51 0.08 0.38  
0.00 0.60 0.05 0.15 0.05 0.31 0.15 0.28 0.05 0.21 0.16 0.28 0.15 0.31 0.27 0.26 0.05 0.53 0.20 0.35 0.16 0.36 0.28 0.26 0.12 0.29 0.12 0.39 0.10 0.12 0.22 0.18 0.05 0.21 0.26 0.44 0.00 0.05 0.22 0.45 0.05 0.16 0.36 0.27 0.12 0.20 0.26 0.44 0.12 0.12 0.10 0.22 0.12 0.26 0.00 0.35 0.05 0.40 0.12 0.30 0.21 0.10 0.18 0.41 0.05 0.39 0.21 0.56 0.26 0.30  
0.15 0.65 0.20 0.30 0.17 0.36 0.30 0.38 0.00 0.16 0.18 0.23 0.30 0.41 0.23 0.37 0.00 0.48 0.15 0.30 0.18 0.31 0.23 0.36 0.17 0.24 0.07 0.44 0.23 0.27 0.17 0.13 0.00 0.23 0.21 0.39 0.15 0.20 0.17 0.54 0.00 0.18 0.31 0.23 0.23 0.15 0.25 0.39 0.17 0.07 0.23 0.17 0.07 0.21 0.38 0.34 0.00 0.50 0.27 0.25 0.17 0.53 0.13 0.47 0.00 0.34 0.23 0.51 0.21 0.45  
0.11 0.58 0.17 0.03 0.17 0.29 0.03 0.38 0.00 0.16 0.04 0.23 0.03 0.19 0.20 0.14 0.00 0.48 0.12 0.27 0.04 0.28 0.23 0.14 0.03 0.24 0.07 0.37 0.09 0.13 0.14 0.13 0.00 0.19 0.21 0.37 0.12 0.17 0.17 0.54 0.00 0.04 0.28 0.20 0.00 0.15 0.14 0.39 0.03 0.07 0.09 0.17 0.07 0.21 0.29 0.23 0.00 0.28 0.00 0.22 0.14 0.39 0.13 0.29 0.00 0.34 0.18 0.51 0.17 0.18  
0.15 0.57 0.20 0.28 0.17 0.28 0.28 0.34 0.06 0.15 0.24 0.23 0.26 0.40 0.06 0.39 0.06 0.48 0.15 0.32 0.24 0.33 0.23 0.35 0.00 0.26 0.13 0.36 0.06 0.27 0.19 0.19 0.06 0.15 0.27 0.23 0.15 0.20 0.17 0.60 0.06 0.24 0.31 0.06 0.23 0.21 0.27 0.32 0.00 0.13 0.06 0.19 0.13 0.27 0.15 0.17 0.06 0.49 0.25 0.27 0.00 0.53 0.19 0.53 0.06 0.25 0.15 0.57 0.13 0.43  
0.08 0.52 0.13 0.23 0.13 0.23 0.23 0.36 0.00 0.09 0.04 0.23 0.23 0.34 0.16 0.23 0.00 0.48 0.08 0.23 0.04 0.24 0.23 0.29 0.10 0.17 0.07 0.31 0.15 0.20 0.10 0.13 0.00 0.10 0.08 0.33 0.08 0.13 0.17 0.36 0.00 0.04 0.24 0.16 0.20 0.08 0.18 0.38 0.10 0.07 0.16 0.10 0.00 0.08 0.25 0.23 0.00 0.43 0.20 0.18 0.10 0.48 0.00 0.38 0.00 0.34 0.10 0.51 0.08 0.38  
0.15 0.44 0.20 0.30 0.17 0.15 0.27 0.36 0.00 0.16 0.15 0.23 0.27 0.41 0.08 0.34 0.00 0.48 0.15 0.30 0.15 0.31 0.23 0.36 0.02 0.24 0.07 0.23 0.08 0.27 0.17 0.13 0.00 0.02 0.21 0.25 0.15 0.20 0.17 0.54 0.00 0.18 0.31 0.08 0.23 0.15 0.25 0.34 0.02 0.07 0.08 0.17 0.07 0.21 0.17 0.19 0.00 0.50 0.27 0.25 0.02 0.53 0.13 0.47 0.00 0.27 0.02 0.51 0.15 0.45  
0.15 0.57 0.20 0.28 0.17 0.28 0.28 0.34 0.06 0.15 0.24 0.23 0.26 0.40 0.06 0.39 0.06 0.48 0.15 0.32 0.24 0.33 0.23 0.35 0.00 0.26 0.13 0.36 0.06 0.27 0.19 0.19 0.06 0.15 0.27 0.23 0.15 0.20 0.17 0.60 0.06 0.24 0.31 0.06 0.23 0.21 0.27 0.32 0.00 0.13 0.06 0.19 0.13 0.27 0.15 0.17 0.06 0.49 0.25 0.27 0.00 0.53 0.19 0.53 0.06 0.25 0.00 0.57 0.13 0.43  
